{"/Users/krishna/Downloads/dev-test/src/components/addresses.tsx": {"path":"/Users/krishna/Downloads/dev-test/src/components/addresses.tsx","statementMap":{"0":{"start":{"line":30,"column":0},"end":{"line":30,"column":15}},"1":{"start":{"line":1,"column":22},"end":{"line":1,"column":null}},"2":{"start":{"line":3,"column":20},"end":{"line":28,"column":null}},"3":{"start":{"line":9,"column":10},"end":{"line":13,"column":null}},"4":{"start":{"line":30,"column":15},"end":{"line":30,"column":null}}},"fnMap":{"0":{"name":"(anonymous_0)","decl":{"start":{"line":30,"column":0},"end":{"line":30,"column":15}},"loc":{"start":{"line":30,"column":0},"end":{"line":30,"column":15}}},"1":{"name":"(anonymous_1)","decl":{"start":{"line":3,"column":20},"end":{"line":3,"column":21}},"loc":{"start":{"line":3,"column":56},"end":{"line":28,"column":null}}},"2":{"name":"(anonymous_2)","decl":{"start":{"line":8,"column":17},"end":{"line":8,"column":18}},"loc":{"start":{"line":9,"column":10},"end":{"line":13,"column":null}}}},"branchMap":{"0":{"loc":{"start":{"line":6,"column":7},"end":{"line":13,"column":null}},"type":"binary-expr","locations":[{"start":{"line":6,"column":7},"end":{"line":6,"column":null}},{"start":{"line":7,"column":8},"end":{"line":7,"column":null}},{"start":{"line":8,"column":8},"end":{"line":13,"column":null}}]},"1":{"loc":{"start":{"line":11,"column":14},"end":{"line":11,"column":40}},"type":"cond-expr","locations":[{"start":{"line":11,"column":24},"end":{"line":11,"column":38}},{"start":{"line":11,"column":38},"end":{"line":11,"column":40}}]},"2":{"loc":{"start":{"line":22,"column":54},"end":{"line":22,"column":73}},"type":"binary-expr","locations":[{"start":{"line":22,"column":54},"end":{"line":22,"column":66}},{"start":{"line":22,"column":70},"end":{"line":22,"column":73}}]},"3":{"loc":{"start":{"line":22,"column":77},"end":{"line":22,"column":100}},"type":"binary-expr","locations":[{"start":{"line":22,"column":77},"end":{"line":22,"column":93}},{"start":{"line":22,"column":97},"end":{"line":22,"column":100}}]},"4":{"loc":{"start":{"line":22,"column":103},"end":{"line":22,"column":126}},"type":"binary-expr","locations":[{"start":{"line":22,"column":103},"end":{"line":22,"column":119}},{"start":{"line":22,"column":123},"end":{"line":22,"column":126}}]},"5":{"loc":{"start":{"line":22,"column":129},"end":{"line":22,"column":148}},"type":"binary-expr","locations":[{"start":{"line":22,"column":129},"end":{"line":22,"column":141}},{"start":{"line":22,"column":145},"end":{"line":22,"column":148}}]},"6":{"loc":{"start":{"line":22,"column":151},"end":{"line":22,"column":171}},"type":"binary-expr","locations":[{"start":{"line":22,"column":151},"end":{"line":22,"column":164}},{"start":{"line":22,"column":168},"end":{"line":22,"column":171}}]},"7":{"loc":{"start":{"line":22,"column":174},"end":{"line":22,"column":192}},"type":"binary-expr","locations":[{"start":{"line":22,"column":174},"end":{"line":22,"column":185}},{"start":{"line":22,"column":189},"end":{"line":22,"column":192}}]},"8":{"loc":{"start":{"line":22,"column":196},"end":{"line":22,"column":218}},"type":"binary-expr","locations":[{"start":{"line":22,"column":196},"end":{"line":22,"column":211}},{"start":{"line":22,"column":215},"end":{"line":22,"column":218}}]}},"s":{"0":8,"1":1,"2":1,"3":24,"4":1},"f":{"0":8,"1":8,"2":24},"b":{"0":[8,6,6],"1":[6,18],"2":[24,0],"3":[24,0],"4":[24,18],"5":[24,0],"6":[24,0],"7":[24,0],"8":[24,0]}}
,"/Users/krishna/Downloads/dev-test/src/components/form.tsx": {"path":"/Users/krishna/Downloads/dev-test/src/components/form.tsx","statementMap":{"0":{"start":{"line":6,"column":24},"end":{"line":6,"column":37}},"1":{"start":{"line":1,"column":24},"end":{"line":1,"column":null}},"2":{"start":{"line":2,"column":50},"end":{"line":2,"column":null}},"3":{"start":{"line":3,"column":20},"end":{"line":3,"column":null}},"4":{"start":{"line":4,"column":25},"end":{"line":4,"column":null}},"5":{"start":{"line":12,"column":34},"end":{"line":12,"column":null}},"6":{"start":{"line":14,"column":27},"end":{"line":22,"column":null}},"7":{"start":{"line":15,"column":4},"end":{"line":21,"column":null}},"8":{"start":{"line":16,"column":6},"end":{"line":18,"column":7}},"9":{"start":{"line":17,"column":8},"end":{"line":17,"column":null}},"10":{"start":{"line":20,"column":6},"end":{"line":20,"column":null}},"11":{"start":{"line":77,"column":12},"end":{"line":77,"column":null}},"12":{"start":{"line":80,"column":12},"end":{"line":89,"column":null}},"13":{"start":{"line":90,"column":12},"end":{"line":90,"column":null}}},"fnMap":{"0":{"name":"(anonymous_0)","decl":{"start":{"line":6,"column":24},"end":{"line":6,"column":37}},"loc":{"start":{"line":6,"column":24},"end":{"line":6,"column":37}}},"1":{"name":"(anonymous_3)","decl":{"start":{"line":14,"column":27},"end":{"line":14,"column":28}},"loc":{"start":{"line":14,"column":44},"end":{"line":22,"column":null}}},"2":{"name":"(anonymous_4)","decl":{"start":{"line":76,"column":20},"end":{"line":76,"column":21}},"loc":{"start":{"line":76,"column":32},"end":{"line":78,"column":null}}},"3":{"name":"(anonymous_5)","decl":{"start":{"line":79,"column":20},"end":{"line":79,"column":27}},"loc":{"start":{"line":79,"column":53},"end":{"line":91,"column":null}}}},"branchMap":{"0":{"loc":{"start":{"line":16,"column":6},"end":{"line":18,"column":7}},"type":"if","locations":[{"start":{"line":16,"column":6},"end":{"line":18,"column":7}}]},"1":{"loc":{"start":{"line":37,"column":19},"end":{"line":37,"column":null}},"type":"binary-expr","locations":[{"start":{"line":37,"column":19},"end":{"line":37,"column":34}},{"start":{"line":37,"column":34},"end":{"line":37,"column":null}}]},"2":{"loc":{"start":{"line":44,"column":13},"end":{"line":44,"column":40}},"type":"cond-expr","locations":[{"start":{"line":44,"column":20},"end":{"line":44,"column":32}},{"start":{"line":44,"column":32},"end":{"line":44,"column":40}}]},"3":{"loc":{"start":{"line":107,"column":15},"end":{"line":107,"column":null}},"type":"binary-expr","locations":[{"start":{"line":107,"column":15},"end":{"line":107,"column":null}}]}},"s":{"0":4,"1":1,"2":1,"3":1,"4":1,"5":5,"6":5,"7":8,"8":8,"9":7,"10":0,"11":2,"12":0,"13":0},"f":{"0":9,"1":8,"2":2,"3":0},"b":{"0":[7],"1":[5,2],"2":[3,2],"3":[8]}}
,"/Users/krishna/Downloads/dev-test/src/components/loading.tsx": {"path":"/Users/krishna/Downloads/dev-test/src/components/loading.tsx","statementMap":{"0":{"start":{"line":1,"column":24},"end":{"line":1,"column":33}}},"fnMap":{"0":{"name":"(anonymous_0)","decl":{"start":{"line":1,"column":24},"end":{"line":1,"column":33}},"loc":{"start":{"line":1,"column":24},"end":{"line":1,"column":33}}}},"branchMap":{},"s":{"0":2},"f":{"0":4},"b":{}}
,"/Users/krishna/Downloads/dev-test/src/components/order_summary.tsx": {"path":"/Users/krishna/Downloads/dev-test/src/components/order_summary.tsx","statementMap":{"0":{"start":{"line":7,"column":24},"end":{"line":7,"column":37}},"1":{"start":{"line":3,"column":25},"end":{"line":3,"column":null}},"2":{"start":{"line":5,"column":29},"end":{"line":5,"column":null}},"3":{"start":{"line":30,"column":12},"end":{"line":30,"column":41}},"4":{"start":{"line":70,"column":14},"end":{"line":71,"column":null}}},"fnMap":{"0":{"name":"(anonymous_0)","decl":{"start":{"line":7,"column":24},"end":{"line":7,"column":37}},"loc":{"start":{"line":7,"column":24},"end":{"line":7,"column":37}}},"1":{"name":"(anonymous_3)","decl":{"start":{"line":29,"column":21},"end":{"line":29,"column":22}},"loc":{"start":{"line":30,"column":12},"end":{"line":30,"column":41}}},"2":{"name":"(anonymous_4)","decl":{"start":{"line":69,"column":35},"end":{"line":69,"column":36}},"loc":{"start":{"line":70,"column":14},"end":{"line":71,"column":null}}}},"branchMap":{"0":{"loc":{"start":{"line":67,"column":11},"end":{"line":71,"column":null}},"type":"binary-expr","locations":[{"start":{"line":67,"column":11},"end":{"line":67,"column":null}},{"start":{"line":68,"column":12},"end":{"line":68,"column":null}},{"start":{"line":69,"column":12},"end":{"line":71,"column":null}}]}},"s":{"0":2,"1":1,"2":1,"3":2,"4":0},"f":{"0":4,"1":2,"2":0},"b":{"0":[2,0,0]}}
,"/Users/krishna/Downloads/dev-test/src/components/order_summary_item.tsx": {"path":"/Users/krishna/Downloads/dev-test/src/components/order_summary_item.tsx","statementMap":{"0":{"start":{"line":5,"column":24},"end":{"line":5,"column":41}},"1":{"start":{"line":3,"column":25},"end":{"line":3,"column":null}}},"fnMap":{"0":{"name":"(anonymous_0)","decl":{"start":{"line":5,"column":24},"end":{"line":5,"column":41}},"loc":{"start":{"line":5,"column":24},"end":{"line":5,"column":41}}}},"branchMap":{"0":{"loc":{"start":{"line":20,"column":12},"end":{"line":21,"column":null}},"type":"binary-expr","locations":[{"start":{"line":20,"column":13},"end":{"line":20,"column":27}},{"start":{"line":20,"column":31},"end":{"line":20,"column":58}},{"start":{"line":21,"column":12},"end":{"line":21,"column":null}}]},"1":{"loc":{"start":{"line":28,"column":11},"end":{"line":28,"column":null}},"type":"binary-expr","locations":[{"start":{"line":28,"column":11},"end":{"line":28,"column":null}}]}},"s":{"0":2,"1":1},"f":{"0":4},"b":{"0":[2,2,0],"1":[2]}}
,"/Users/krishna/Downloads/dev-test/src/layouts/Meta.tsx": {"path":"/Users/krishna/Downloads/dev-test/src/layouts/Meta.tsx","statementMap":{"0":{"start":{"line":66,"column":9},"end":{"line":66,"column":null}},"1":{"start":{"line":1,"column":17},"end":{"line":1,"column":null}},"2":{"start":{"line":2,"column":26},"end":{"line":2,"column":null}},"3":{"start":{"line":3,"column":24},"end":{"line":3,"column":null}},"4":{"start":{"line":5,"column":26},"end":{"line":5,"column":null}},"5":{"start":{"line":13,"column":13},"end":{"line":64,"column":null}},"6":{"start":{"line":14,"column":17},"end":{"line":14,"column":null}}},"fnMap":{"0":{"name":"(anonymous_0)","decl":{"start":{"line":66,"column":9},"end":{"line":66,"column":null}},"loc":{"start":{"line":66,"column":9},"end":{"line":66,"column":null}}},"1":{"name":"(anonymous_2)","decl":{"start":{"line":13,"column":13},"end":{"line":13,"column":14}},"loc":{"start":{"line":13,"column":36},"end":{"line":64,"column":null}}}},"branchMap":{},"s":{"0":11,"1":6,"2":6,"3":6,"4":6,"5":6,"6":10},"f":{"0":11,"1":10},"b":{}}
,"/Users/krishna/Downloads/dev-test/src/pages/[slug].tsx": {"path":"/Users/krishna/Downloads/dev-test/src/pages/[slug].tsx","statementMap":{"0":{"start":{"line":144,"column":22},"end":{"line":144,"column":40}},"1":{"start":{"line":152,"column":0},"end":{"line":152,"column":15}},"2":{"start":{"line":1,"column":36},"end":{"line":1,"column":null}},"3":{"start":{"line":3,"column":18},"end":{"line":3,"column":null}},"4":{"start":{"line":5,"column":25},"end":{"line":5,"column":null}},"5":{"start":{"line":6,"column":19},"end":{"line":6,"column":null}},"6":{"start":{"line":7,"column":25},"end":{"line":7,"column":null}},"7":{"start":{"line":8,"column":21},"end":{"line":8,"column":null}},"8":{"start":{"line":9,"column":21},"end":{"line":9,"column":null}},"9":{"start":{"line":10,"column":19},"end":{"line":10,"column":null}},"10":{"start":{"line":11,"column":20},"end":{"line":11,"column":null}},"11":{"start":{"line":13,"column":14},"end":{"line":142,"column":null}},"12":{"start":{"line":15,"column":2},"end":{"line":17,"column":null}},"13":{"start":{"line":20,"column":32},"end":{"line":20,"column":null}},"14":{"start":{"line":21,"column":26},"end":{"line":21,"column":null}},"15":{"start":{"line":22,"column":26},"end":{"line":22,"column":null}},"16":{"start":{"line":23,"column":40},"end":{"line":23,"column":null}},"17":{"start":{"line":25,"column":2},"end":{"line":44,"column":null}},"18":{"start":{"line":26,"column":5},"end":{"line":43,"column":null}},"19":{"start":{"line":27,"column":6},"end":{"line":27,"column":null}},"20":{"start":{"line":30,"column":22},"end":{"line":30,"column":null}},"21":{"start":{"line":31,"column":6},"end":{"line":31,"column":null}},"22":{"start":{"line":33,"column":22},"end":{"line":33,"column":null}},"23":{"start":{"line":34,"column":6},"end":{"line":38,"column":7}},"24":{"start":{"line":35,"column":8},"end":{"line":35,"column":null}},"25":{"start":{"line":37,"column":8},"end":{"line":37,"column":null}},"26":{"start":{"line":40,"column":24},"end":{"line":40,"column":null}},"27":{"start":{"line":41,"column":6},"end":{"line":41,"column":null}},"28":{"start":{"line":41,"column":21},"end":{"line":41,"column":null}},"29":{"start":{"line":42,"column":6},"end":{"line":42,"column":null}},"30":{"start":{"line":46,"column":17},"end":{"line":56,"column":null}},"31":{"start":{"line":47,"column":4},"end":{"line":55,"column":null}},"32":{"start":{"line":48,"column":6},"end":{"line":48,"column":null}},"33":{"start":{"line":49,"column":6},"end":{"line":51,"column":7}},"34":{"start":{"line":50,"column":8},"end":{"line":50,"column":null}},"35":{"start":{"line":52,"column":6},"end":{"line":52,"column":null}},"36":{"start":{"line":54,"column":6},"end":{"line":54,"column":null}},"37":{"start":{"line":58,"column":21},"end":{"line":71,"column":null}},"38":{"start":{"line":59,"column":4},"end":{"line":70,"column":null}},"39":{"start":{"line":60,"column":6},"end":{"line":60,"column":null}},"40":{"start":{"line":61,"column":18},"end":{"line":61,"column":null}},"41":{"start":{"line":62,"column":6},"end":{"line":65,"column":7}},"42":{"start":{"line":63,"column":26},"end":{"line":63,"column":null}},"43":{"start":{"line":64,"column":8},"end":{"line":64,"column":null}},"44":{"start":{"line":64,"column":23},"end":{"line":64,"column":null}},"45":{"start":{"line":66,"column":6},"end":{"line":66,"column":null}},"46":{"start":{"line":68,"column":6},"end":{"line":68,"column":null}},"47":{"start":{"line":69,"column":6},"end":{"line":69,"column":null}},"48":{"start":{"line":145,"column":2},"end":{"line":149,"column":null}},"49":{"start":{"line":152,"column":15},"end":{"line":152,"column":21}}},"fnMap":{"0":{"name":"(anonymous_1)","decl":{"start":{"line":144,"column":40},"end":{"line":144,"column":41}},"loc":{"start":{"line":144,"column":22},"end":{"line":144,"column":40}}},"1":{"name":"(anonymous_2)","decl":{"start":{"line":152,"column":21},"end":{"line":152,"column":null}},"loc":{"start":{"line":152,"column":0},"end":{"line":152,"column":15}}},"2":{"name":"(anonymous_4)","decl":{"start":{"line":13,"column":14},"end":{"line":13,"column":15}},"loc":{"start":{"line":13,"column":60},"end":{"line":142,"column":null}}},"3":{"name":"(anonymous_5)","decl":{"start":{"line":25,"column":12},"end":{"line":25,"column":18}},"loc":{"start":{"line":25,"column":18},"end":{"line":44,"column":5}}},"4":{"name":"(anonymous_6)","decl":{"start":{"line":26,"column":5},"end":{"line":26,"column":17}},"loc":{"start":{"line":26,"column":17},"end":{"line":43,"column":null}}},"5":{"name":"(anonymous_7)","decl":{"start":{"line":46,"column":17},"end":{"line":46,"column":29}},"loc":{"start":{"line":46,"column":29},"end":{"line":56,"column":null}}},"6":{"name":"(anonymous_8)","decl":{"start":{"line":58,"column":21},"end":{"line":58,"column":28}},"loc":{"start":{"line":58,"column":42},"end":{"line":71,"column":null}}},"7":{"name":"getServerSideProps","decl":{"start":{"line":144,"column":22},"end":{"line":144,"column":40}},"loc":{"start":{"line":144,"column":55},"end":{"line":150,"column":null}}}},"branchMap":{"0":{"loc":{"start":{"line":34,"column":6},"end":{"line":38,"column":7}},"type":"if","locations":[{"start":{"line":34,"column":6},"end":{"line":38,"column":7}},{"start":{"line":36,"column":13},"end":{"line":38,"column":7}}]},"1":{"loc":{"start":{"line":41,"column":6},"end":{"line":41,"column":null}},"type":"if","locations":[{"start":{"line":41,"column":6},"end":{"line":41,"column":null}}]},"2":{"loc":{"start":{"line":49,"column":6},"end":{"line":51,"column":7}},"type":"if","locations":[{"start":{"line":49,"column":6},"end":{"line":51,"column":7}}]},"3":{"loc":{"start":{"line":62,"column":6},"end":{"line":65,"column":7}},"type":"if","locations":[{"start":{"line":62,"column":6},"end":{"line":65,"column":7}}]},"4":{"loc":{"start":{"line":64,"column":8},"end":{"line":64,"column":null}},"type":"if","locations":[{"start":{"line":64,"column":8},"end":{"line":64,"column":null}}]},"5":{"loc":{"start":{"line":82,"column":7},"end":{"line":82,"column":null}},"type":"binary-expr","locations":[{"start":{"line":82,"column":7},"end":{"line":82,"column":null}}]},"6":{"loc":{"start":{"line":137,"column":11},"end":{"line":137,"column":24}},"type":"binary-expr","locations":[{"start":{"line":137,"column":11},"end":{"line":137,"column":24}}]}},"s":{"0":0,"1":1,"2":1,"3":1,"4":1,"5":1,"6":1,"7":1,"8":1,"9":1,"10":1,"11":1,"12":4,"13":4,"14":4,"15":4,"16":4,"17":4,"18":1,"19":1,"20":1,"21":1,"22":1,"23":1,"24":1,"25":0,"26":1,"27":1,"28":1,"29":1,"30":4,"31":1,"32":1,"33":1,"34":1,"35":1,"36":0,"37":4,"38":0,"39":0,"40":0,"41":0,"42":0,"43":0,"44":0,"45":0,"46":0,"47":0,"48":0,"49":1},"f":{"0":0,"1":1,"2":4,"3":1,"4":1,"5":1,"6":0,"7":0},"b":{"0":[1,0],"1":[1],"2":[1],"3":[0],"4":[0],"5":[4],"6":[4]}}
,"/Users/krishna/Downloads/dev-test/src/pages/about.tsx": {"path":"/Users/krishna/Downloads/dev-test/src/pages/about.tsx","statementMap":{"0":{"start":{"line":21,"column":0},"end":{"line":21,"column":15}},"1":{"start":{"line":1,"column":21},"end":{"line":1,"column":null}},"2":{"start":{"line":2,"column":21},"end":{"line":2,"column":null}},"3":{"start":{"line":21,"column":15},"end":{"line":21,"column":null}}},"fnMap":{"0":{"name":"(anonymous_0)","decl":{"start":{"line":21,"column":0},"end":{"line":21,"column":15}},"loc":{"start":{"line":21,"column":0},"end":{"line":21,"column":15}}}},"branchMap":{},"s":{"0":1,"1":1,"2":1,"3":1},"f":{"0":1},"b":{}}
,"/Users/krishna/Downloads/dev-test/src/pages/forgotPassword.tsx": {"path":"/Users/krishna/Downloads/dev-test/src/pages/forgotPassword.tsx","statementMap":{"0":{"start":{"line":124,"column":0},"end":{"line":124,"column":15}},"1":{"start":{"line":1,"column":32},"end":{"line":1,"column":null}},"2":{"start":{"line":2,"column":21},"end":{"line":2,"column":null}},"3":{"start":{"line":3,"column":21},"end":{"line":3,"column":null}},"4":{"start":{"line":4,"column":19},"end":{"line":4,"column":null}},"5":{"start":{"line":5,"column":16},"end":{"line":5,"column":null}},"6":{"start":{"line":6,"column":44},"end":{"line":6,"column":null}},"7":{"start":{"line":7,"column":20},"end":{"line":7,"column":null}},"8":{"start":{"line":8,"column":18},"end":{"line":8,"column":null}},"9":{"start":{"line":9,"column":19},"end":{"line":9,"column":null}},"10":{"start":{"line":11,"column":32},"end":{"line":122,"column":null}},"11":{"start":{"line":12,"column":32},"end":{"line":12,"column":null}},"12":{"start":{"line":13,"column":24},"end":{"line":13,"column":null}},"13":{"start":{"line":15,"column":2},"end":{"line":17,"column":null}},"14":{"start":{"line":20,"column":24},"end":{"line":30,"column":null}},"15":{"start":{"line":21,"column":4},"end":{"line":29,"column":null}},"16":{"start":{"line":22,"column":6},"end":{"line":26,"column":7}},"17":{"start":{"line":23,"column":8},"end":{"line":23,"column":null}},"18":{"start":{"line":24,"column":13},"end":{"line":26,"column":7}},"19":{"start":{"line":25,"column":8},"end":{"line":25,"column":null}},"20":{"start":{"line":28,"column":6},"end":{"line":28,"column":null}},"21":{"start":{"line":33,"column":4},"end":{"line":47,"column":null}},"22":{"start":{"line":34,"column":6},"end":{"line":34,"column":null}},"23":{"start":{"line":35,"column":6},"end":{"line":35,"column":null}},"24":{"start":{"line":36,"column":22},"end":{"line":38,"column":null}},"25":{"start":{"line":39,"column":6},"end":{"line":41,"column":9}},"26":{"start":{"line":40,"column":8},"end":{"line":40,"column":null}},"27":{"start":{"line":42,"column":6},"end":{"line":42,"column":null}},"28":{"start":{"line":43,"column":6},"end":{"line":43,"column":null}},"29":{"start":{"line":45,"column":6},"end":{"line":45,"column":null}},"30":{"start":{"line":46,"column":6},"end":{"line":46,"column":null}},"31":{"start":{"line":78,"column":16},"end":{"line":78,"column":null}},"32":{"start":{"line":103,"column":33},"end":{"line":103,"column":null}},"33":{"start":{"line":124,"column":15},"end":{"line":124,"column":null}}},"fnMap":{"0":{"name":"(anonymous_0)","decl":{"start":{"line":124,"column":0},"end":{"line":124,"column":15}},"loc":{"start":{"line":124,"column":0},"end":{"line":124,"column":15}}},"1":{"name":"(anonymous_5)","decl":{"start":{"line":11,"column":32},"end":{"line":11,"column":38}},"loc":{"start":{"line":11,"column":38},"end":{"line":122,"column":null}}},"2":{"name":"(anonymous_6)","decl":{"start":{"line":20,"column":24},"end":{"line":20,"column":25}},"loc":{"start":{"line":20,"column":43},"end":{"line":30,"column":null}}},"3":{"name":"resetPassword","decl":{"start":{"line":32,"column":17},"end":{"line":32,"column":31}},"loc":{"start":{"line":32,"column":68},"end":{"line":48,"column":null}}},"4":{"name":"(anonymous_8)","decl":{"start":{"line":77,"column":24},"end":{"line":77,"column":25}},"loc":{"start":{"line":77,"column":55},"end":{"line":79,"column":null}}},"5":{"name":"(anonymous_10)","decl":{"start":{"line":103,"column":29},"end":{"line":103,"column":33}},"loc":{"start":{"line":103,"column":33},"end":{"line":103,"column":null}}}},"branchMap":{"0":{"loc":{"start":{"line":22,"column":6},"end":{"line":26,"column":7}},"type":"if","locations":[{"start":{"line":22,"column":6},"end":{"line":26,"column":7}},{"start":{"line":24,"column":13},"end":{"line":26,"column":7}}]},"1":{"loc":{"start":{"line":24,"column":13},"end":{"line":26,"column":7}},"type":"if","locations":[{"start":{"line":24,"column":13},"end":{"line":26,"column":7}}]},"2":{"loc":{"start":{"line":39,"column":6},"end":{"line":41,"column":9}},"type":"if","locations":[{"start":{"line":39,"column":6},"end":{"line":41,"column":9}}]},"3":{"loc":{"start":{"line":39,"column":10},"end":{"line":39,"column":28}},"type":"binary-expr","locations":[{"start":{"line":39,"column":10},"end":{"line":39,"column":17}},{"start":{"line":39,"column":17},"end":{"line":39,"column":28}}]},"4":{"loc":{"start":{"line":59,"column":7},"end":{"line":59,"column":null}},"type":"binary-expr","locations":[{"start":{"line":59,"column":7},"end":{"line":59,"column":null}}]},"5":{"loc":{"start":{"line":97,"column":19},"end":{"line":97,"column":26}},"type":"binary-expr","locations":[{"start":{"line":97,"column":19},"end":{"line":97,"column":26}}]}},"s":{"0":1,"1":1,"2":1,"3":1,"4":1,"5":1,"6":1,"7":1,"8":1,"9":1,"10":1,"11":2,"12":2,"13":2,"14":2,"15":36,"16":36,"17":2,"18":34,"19":29,"20":0,"21":1,"22":1,"23":1,"24":1,"25":1,"26":1,"27":1,"28":1,"29":0,"30":0,"31":1,"32":0,"33":1},"f":{"0":1,"1":2,"2":36,"3":1,"4":1,"5":0},"b":{"0":[2,34],"1":[29],"2":[1],"3":[1,1],"4":[2],"5":[72]}}
,"/Users/krishna/Downloads/dev-test/src/pages/index.tsx": {"path":"/Users/krishna/Downloads/dev-test/src/pages/index.tsx","statementMap":{"0":{"start":{"line":25,"column":0},"end":{"line":25,"column":15}},"1":{"start":{"line":1,"column":21},"end":{"line":1,"column":null}},"2":{"start":{"line":2,"column":21},"end":{"line":2,"column":null}},"3":{"start":{"line":3,"column":17},"end":{"line":3,"column":null}},"4":{"start":{"line":5,"column":14},"end":{"line":23,"column":null}},"5":{"start":{"line":25,"column":15},"end":{"line":25,"column":null}}},"fnMap":{"0":{"name":"(anonymous_0)","decl":{"start":{"line":25,"column":0},"end":{"line":25,"column":15}},"loc":{"start":{"line":25,"column":0},"end":{"line":25,"column":15}}},"1":{"name":"(anonymous_2)","decl":{"start":{"line":5,"column":14},"end":{"line":5,"column":20}},"loc":{"start":{"line":5,"column":20},"end":{"line":23,"column":null}}}},"branchMap":{},"s":{"0":1,"1":1,"2":1,"3":1,"4":1,"5":1},"f":{"0":1,"1":1},"b":{}}
,"/Users/krishna/Downloads/dev-test/src/pages/login.tsx": {"path":"/Users/krishna/Downloads/dev-test/src/pages/login.tsx","statementMap":{"0":{"start":{"line":144,"column":0},"end":{"line":144,"column":15}},"1":{"start":{"line":1,"column":32},"end":{"line":1,"column":null}},"2":{"start":{"line":2,"column":21},"end":{"line":2,"column":null}},"3":{"start":{"line":3,"column":21},"end":{"line":3,"column":null}},"4":{"start":{"line":4,"column":19},"end":{"line":4,"column":null}},"5":{"start":{"line":5,"column":16},"end":{"line":5,"column":null}},"6":{"start":{"line":6,"column":44},"end":{"line":6,"column":null}},"7":{"start":{"line":7,"column":20},"end":{"line":7,"column":null}},"8":{"start":{"line":8,"column":18},"end":{"line":8,"column":null}},"9":{"start":{"line":9,"column":19},"end":{"line":9,"column":null}},"10":{"start":{"line":10,"column":17},"end":{"line":10,"column":null}},"11":{"start":{"line":12,"column":23},"end":{"line":142,"column":null}},"12":{"start":{"line":13,"column":32},"end":{"line":13,"column":null}},"13":{"start":{"line":15,"column":2},"end":{"line":17,"column":null}},"14":{"start":{"line":20,"column":24},"end":{"line":30,"column":null}},"15":{"start":{"line":21,"column":4},"end":{"line":29,"column":null}},"16":{"start":{"line":22,"column":6},"end":{"line":26,"column":7}},"17":{"start":{"line":23,"column":8},"end":{"line":23,"column":null}},"18":{"start":{"line":24,"column":13},"end":{"line":26,"column":7}},"19":{"start":{"line":25,"column":8},"end":{"line":25,"column":null}},"20":{"start":{"line":28,"column":6},"end":{"line":28,"column":null}},"21":{"start":{"line":32,"column":27},"end":{"line":40,"column":null}},"22":{"start":{"line":33,"column":4},"end":{"line":39,"column":null}},"23":{"start":{"line":34,"column":6},"end":{"line":36,"column":7}},"24":{"start":{"line":35,"column":8},"end":{"line":35,"column":null}},"25":{"start":{"line":38,"column":6},"end":{"line":38,"column":null}},"26":{"start":{"line":43,"column":4},"end":{"line":61,"column":null}},"27":{"start":{"line":44,"column":6},"end":{"line":44,"column":null}},"28":{"start":{"line":45,"column":18},"end":{"line":47,"column":null}},"29":{"start":{"line":49,"column":6},"end":{"line":55,"column":7}},"30":{"start":{"line":50,"column":21},"end":{"line":50,"column":null}},"31":{"start":{"line":51,"column":8},"end":{"line":54,"column":9}},"32":{"start":{"line":53,"column":10},"end":{"line":53,"column":null}},"33":{"start":{"line":56,"column":6},"end":{"line":56,"column":null}},"34":{"start":{"line":57,"column":6},"end":{"line":57,"column":null}},"35":{"start":{"line":59,"column":6},"end":{"line":59,"column":null}},"36":{"start":{"line":60,"column":6},"end":{"line":60,"column":null}},"37":{"start":{"line":92,"column":16},"end":{"line":92,"column":null}},"38":{"start":{"line":144,"column":15},"end":{"line":144,"column":null}}},"fnMap":{"0":{"name":"(anonymous_0)","decl":{"start":{"line":144,"column":0},"end":{"line":144,"column":15}},"loc":{"start":{"line":144,"column":0},"end":{"line":144,"column":15}}},"1":{"name":"(anonymous_5)","decl":{"start":{"line":12,"column":23},"end":{"line":12,"column":29}},"loc":{"start":{"line":12,"column":29},"end":{"line":142,"column":null}}},"2":{"name":"(anonymous_6)","decl":{"start":{"line":20,"column":24},"end":{"line":20,"column":25}},"loc":{"start":{"line":20,"column":43},"end":{"line":30,"column":null}}},"3":{"name":"(anonymous_7)","decl":{"start":{"line":32,"column":27},"end":{"line":32,"column":28}},"loc":{"start":{"line":32,"column":49},"end":{"line":40,"column":null}}},"4":{"name":"login","decl":{"start":{"line":42,"column":17},"end":{"line":42,"column":23}},"loc":{"start":{"line":42,"column":60},"end":{"line":62,"column":null}}},"5":{"name":"(anonymous_9)","decl":{"start":{"line":91,"column":24},"end":{"line":91,"column":25}},"loc":{"start":{"line":91,"column":55},"end":{"line":93,"column":null}}}},"branchMap":{"0":{"loc":{"start":{"line":22,"column":6},"end":{"line":26,"column":7}},"type":"if","locations":[{"start":{"line":22,"column":6},"end":{"line":26,"column":7}},{"start":{"line":24,"column":13},"end":{"line":26,"column":7}}]},"1":{"loc":{"start":{"line":24,"column":13},"end":{"line":26,"column":7}},"type":"if","locations":[{"start":{"line":24,"column":13},"end":{"line":26,"column":7}}]},"2":{"loc":{"start":{"line":34,"column":6},"end":{"line":36,"column":7}},"type":"if","locations":[{"start":{"line":34,"column":6},"end":{"line":36,"column":7}}]},"3":{"loc":{"start":{"line":49,"column":6},"end":{"line":55,"column":7}},"type":"if","locations":[{"start":{"line":49,"column":6},"end":{"line":55,"column":7}}]},"4":{"loc":{"start":{"line":51,"column":8},"end":{"line":54,"column":9}},"type":"if","locations":[{"start":{"line":51,"column":8},"end":{"line":54,"column":9}}]},"5":{"loc":{"start":{"line":73,"column":7},"end":{"line":73,"column":null}},"type":"binary-expr","locations":[{"start":{"line":73,"column":7},"end":{"line":73,"column":null}}]}},"s":{"0":1,"1":1,"2":1,"3":1,"4":1,"5":1,"6":1,"7":1,"8":1,"9":1,"10":1,"11":1,"12":2,"13":2,"14":2,"15":45,"16":45,"17":2,"18":43,"19":38,"20":0,"21":2,"22":45,"23":45,"24":14,"25":0,"26":1,"27":1,"28":1,"29":1,"30":1,"31":1,"32":1,"33":1,"34":1,"35":0,"36":0,"37":1,"38":1},"f":{"0":1,"1":2,"2":45,"3":45,"4":1,"5":1},"b":{"0":[2,43],"1":[38],"2":[14],"3":[1],"4":[1],"5":[2]}}
,"/Users/krishna/Downloads/dev-test/src/providers/ThemeProvider.tsx": {"path":"/Users/krishna/Downloads/dev-test/src/providers/ThemeProvider.tsx","statementMap":{"0":{"start":{"line":3,"column":24},"end":{"line":3,"column":38}},"1":{"start":{"line":1,"column":43},"end":{"line":1,"column":null}},"2":{"start":{"line":8,"column":28},"end":{"line":8,"column":null}},"3":{"start":{"line":9,"column":2},"end":{"line":17,"column":null}},"4":{"start":{"line":10,"column":30},"end":{"line":10,"column":null}},"5":{"start":{"line":11,"column":4},"end":{"line":16,"column":5}},"6":{"start":{"line":12,"column":6},"end":{"line":12,"column":null}},"7":{"start":{"line":14,"column":6},"end":{"line":14,"column":null}},"8":{"start":{"line":15,"column":6},"end":{"line":15,"column":null}},"9":{"start":{"line":19,"column":2},"end":{"line":21,"column":null}},"10":{"start":{"line":20,"column":4},"end":{"line":20,"column":null}}},"fnMap":{"0":{"name":"(anonymous_0)","decl":{"start":{"line":3,"column":24},"end":{"line":3,"column":38}},"loc":{"start":{"line":3,"column":24},"end":{"line":3,"column":38}}},"1":{"name":"(anonymous_5)","decl":{"start":{"line":9,"column":12},"end":{"line":9,"column":18}},"loc":{"start":{"line":9,"column":18},"end":{"line":17,"column":5}}},"2":{"name":"(anonymous_6)","decl":{"start":{"line":19,"column":12},"end":{"line":19,"column":18}},"loc":{"start":{"line":19,"column":18},"end":{"line":21,"column":5}}}},"branchMap":{"0":{"loc":{"start":{"line":11,"column":4},"end":{"line":16,"column":5}},"type":"if","locations":[{"start":{"line":11,"column":4},"end":{"line":16,"column":5}},{"start":{"line":13,"column":11},"end":{"line":16,"column":5}}]}},"s":{"0":0,"1":0,"2":0,"3":0,"4":0,"5":0,"6":0,"7":0,"8":0,"9":0,"10":0},"f":{"0":0,"1":0,"2":0},"b":{"0":[0,0]}}
,"/Users/krishna/Downloads/dev-test/src/templates/Main.tsx": {"path":"/Users/krishna/Downloads/dev-test/src/templates/Main.tsx","statementMap":{"0":{"start":{"line":52,"column":9},"end":{"line":52,"column":null}},"1":{"start":{"line":1,"column":17},"end":{"line":1,"column":null}},"2":{"start":{"line":4,"column":26},"end":{"line":4,"column":null}}},"fnMap":{"0":{"name":"(anonymous_0)","decl":{"start":{"line":52,"column":9},"end":{"line":52,"column":null}},"loc":{"start":{"line":52,"column":9},"end":{"line":52,"column":null}}}},"branchMap":{},"s":{"0":12,"1":6,"2":6},"f":{"0":12},"b":{}}
,"/Users/krishna/Downloads/dev-test/src/utils/AppConfig.ts": {"path":"/Users/krishna/Downloads/dev-test/src/utils/AppConfig.ts","statementMap":{"0":{"start":{"line":3,"column":13},"end":{"line":3,"column":25}},"1":{"start":{"line":3,"column":25},"end":{"line":8,"column":null}}},"fnMap":{"0":{"name":"(anonymous_0)","decl":{"start":{"line":3,"column":13},"end":{"line":3,"column":25}},"loc":{"start":{"line":3,"column":13},"end":{"line":3,"column":25}}}},"branchMap":{},"s":{"0":31,"1":7},"f":{"0":31},"b":{}}
,"/Users/krishna/Downloads/dev-test/src/utils/logger.ts": {"path":"/Users/krishna/Downloads/dev-test/src/utils/logger.ts","statementMap":{"0":{"start":{"line":1,"column":24},"end":{"line":1,"column":32}},"1":{"start":{"line":2,"column":2},"end":{"line":2,"column":null}}},"fnMap":{"0":{"name":"(anonymous_0)","decl":{"start":{"line":1,"column":24},"end":{"line":1,"column":32}},"loc":{"start":{"line":1,"column":24},"end":{"line":1,"column":32}}}},"branchMap":{},"s":{"0":0,"1":0},"f":{"0":0},"b":{}}
,"/Users/krishna/Downloads/dev-test/src/utils/product.ts": {"path":"/Users/krishna/Downloads/dev-test/src/utils/product.ts","statementMap":{"0":{"start":{"line":1,"column":13},"end":{"line":1,"column":24}},"1":{"start":{"line":1,"column":24},"end":{"line":9,"column":null}},"2":{"start":{"line":5,"column":2},"end":{"line":9,"column":null}}},"fnMap":{"0":{"name":"(anonymous_0)","decl":{"start":{"line":1,"column":13},"end":{"line":1,"column":24}},"loc":{"start":{"line":1,"column":13},"end":{"line":1,"column":24}}},"1":{"name":"(anonymous_1)","decl":{"start":{"line":1,"column":24},"end":{"line":1,"column":null}},"loc":{"start":{"line":5,"column":2},"end":{"line":9,"column":null}}}},"branchMap":{"0":{"loc":{"start":{"line":9,"column":23},"end":{"line":9,"column":47}},"type":"cond-expr","locations":[{"start":{"line":9,"column":31},"end":{"line":9,"column":41}},{"start":{"line":9,"column":44},"end":{"line":9,"column":47}}]}},"s":{"0":10,"1":1,"2":10},"f":{"0":10,"1":10},"b":{"0":[6,4]}}
,"/Users/krishna/Downloads/dev-test/src/utils/string.ts": {"path":"/Users/krishna/Downloads/dev-test/src/utils/string.ts","statementMap":{"0":{"start":{"line":7,"column":0},"end":{"line":7,"column":15}},"1":{"start":{"line":1,"column":11},"end":{"line":4,"column":null}},"2":{"start":{"line":6,"column":12},"end":{"line":6,"column":null}},"3":{"start":{"line":7,"column":15},"end":{"line":7,"column":null}}},"fnMap":{"0":{"name":"(anonymous_0)","decl":{"start":{"line":7,"column":0},"end":{"line":7,"column":15}},"loc":{"start":{"line":7,"column":0},"end":{"line":7,"column":15}}}},"branchMap":{},"s":{"0":4,"1":2,"2":2,"3":2},"f":{"0":4},"b":{}}
}
