TN:
SF:src/components/addresses.tsx
FN:30,(anonymous_0)
FN:3,(anonymous_1)
FN:8,(anonymous_2)
FNF:3
FNH:3
FNDA:8,(anonymous_0)
FNDA:8,(anonymous_1)
FNDA:24,(anonymous_2)
DA:1,1
DA:3,1
DA:9,24
DA:30,8
LF:4
LH:4
BRDA:6,0,0,8
BRDA:6,0,1,6
BRDA:6,0,2,6
BRDA:11,1,0,6
BRDA:11,1,1,18
BRDA:22,2,0,24
BRDA:22,2,1,0
BRDA:22,3,0,24
BRDA:22,3,1,0
BRDA:22,4,0,24
BRDA:22,4,1,18
BRDA:22,5,0,24
BRDA:22,5,1,0
BRDA:22,6,0,24
BRDA:22,6,1,0
BRDA:22,7,0,24
BRDA:22,7,1,0
BRDA:22,8,0,24
BRDA:22,8,1,0
BRF:19
BRH:13
end_of_record
TN:
SF:src/components/form.tsx
FN:6,(anonymous_0)
FN:14,(anonymous_3)
FN:76,(anonymous_4)
FN:79,(anonymous_5)
FNF:4
FNH:3
FNDA:9,(anonymous_0)
FNDA:8,(anonymous_3)
FNDA:2,(anonymous_4)
FNDA:0,(anonymous_5)
DA:1,1
DA:2,1
DA:3,1
DA:4,1
DA:6,4
DA:12,5
DA:14,5
DA:15,8
DA:16,8
DA:17,7
DA:20,0
DA:77,2
DA:80,0
DA:90,0
LF:14
LH:11
BRDA:16,0,0,7
BRDA:37,1,0,5
BRDA:37,1,1,2
BRDA:44,2,0,3
BRDA:44,2,1,2
BRDA:107,3,0,8
BRF:6
BRH:6
end_of_record
TN:
SF:src/components/loading.tsx
FN:1,(anonymous_0)
FNF:1
FNH:1
FNDA:4,(anonymous_0)
DA:1,2
LF:1
LH:1
BRF:0
BRH:0
end_of_record
TN:
SF:src/components/order_summary.tsx
FN:7,(anonymous_0)
FN:29,(anonymous_3)
FN:69,(anonymous_4)
FNF:3
FNH:2
FNDA:4,(anonymous_0)
FNDA:2,(anonymous_3)
FNDA:0,(anonymous_4)
DA:3,1
DA:5,1
DA:7,2
DA:30,2
DA:70,0
LF:5
LH:4
BRDA:67,0,0,2
BRDA:67,0,1,0
BRDA:67,0,2,0
BRF:3
BRH:1
end_of_record
TN:
SF:src/components/order_summary_item.tsx
FN:5,(anonymous_0)
FNF:1
FNH:1
FNDA:4,(anonymous_0)
DA:3,1
DA:5,2
LF:2
LH:2
BRDA:20,0,0,2
BRDA:20,0,1,2
BRDA:20,0,2,0
BRDA:28,1,0,2
BRF:4
BRH:3
end_of_record
TN:
SF:src/layouts/Meta.tsx
FN:66,(anonymous_0)
FN:13,(anonymous_2)
FNF:2
FNH:2
FNDA:11,(anonymous_0)
FNDA:10,(anonymous_2)
DA:1,6
DA:2,6
DA:3,6
DA:5,6
DA:13,6
DA:14,10
DA:66,11
LF:7
LH:7
BRF:0
BRH:0
end_of_record
TN:
SF:src/pages/[slug].tsx
FN:144,(anonymous_1)
FN:152,(anonymous_2)
FN:13,(anonymous_4)
FN:25,(anonymous_5)
FN:26,(anonymous_6)
FN:46,(anonymous_7)
FN:58,(anonymous_8)
FN:144,getServerSideProps
FNF:8
FNH:5
FNDA:0,(anonymous_1)
FNDA:1,(anonymous_2)
FNDA:4,(anonymous_4)
FNDA:1,(anonymous_5)
FNDA:1,(anonymous_6)
FNDA:1,(anonymous_7)
FNDA:0,(anonymous_8)
FNDA:0,getServerSideProps
DA:1,1
DA:3,1
DA:5,1
DA:6,1
DA:7,1
DA:8,1
DA:9,1
DA:10,1
DA:11,1
DA:13,1
DA:15,4
DA:20,4
DA:21,4
DA:22,4
DA:23,4
DA:25,4
DA:26,1
DA:27,1
DA:30,1
DA:31,1
DA:33,1
DA:34,1
DA:35,1
DA:37,0
DA:40,1
DA:41,1
DA:42,1
DA:46,4
DA:47,1
DA:48,1
DA:49,1
DA:50,1
DA:52,1
DA:54,0
DA:58,4
DA:59,0
DA:60,0
DA:61,0
DA:62,0
DA:63,0
DA:64,0
DA:66,0
DA:68,0
DA:69,0
DA:144,0
DA:145,0
DA:152,1
LF:47
LH:34
BRDA:34,0,0,1
BRDA:34,0,1,0
BRDA:41,1,0,1
BRDA:49,2,0,1
BRDA:62,3,0,0
BRDA:64,4,0,0
BRDA:82,5,0,4
BRDA:137,6,0,4
BRF:8
BRH:5
end_of_record
TN:
SF:src/pages/about.tsx
FN:21,(anonymous_0)
FNF:1
FNH:1
FNDA:1,(anonymous_0)
DA:1,1
DA:2,1
DA:21,1
LF:3
LH:3
BRF:0
BRH:0
end_of_record
TN:
SF:src/pages/forgotPassword.tsx
FN:124,(anonymous_0)
FN:11,(anonymous_5)
FN:20,(anonymous_6)
FN:32,resetPassword
FN:77,(anonymous_8)
FN:103,(anonymous_10)
FNF:6
FNH:5
FNDA:1,(anonymous_0)
FNDA:2,(anonymous_5)
FNDA:36,(anonymous_6)
FNDA:1,resetPassword
FNDA:1,(anonymous_8)
FNDA:0,(anonymous_10)
DA:1,1
DA:2,1
DA:3,1
DA:4,1
DA:5,1
DA:6,1
DA:7,1
DA:8,1
DA:9,1
DA:11,1
DA:12,2
DA:13,2
DA:15,2
DA:20,2
DA:21,36
DA:22,36
DA:23,2
DA:24,34
DA:25,29
DA:28,0
DA:33,1
DA:34,1
DA:35,1
DA:36,1
DA:39,1
DA:40,1
DA:42,1
DA:43,1
DA:45,0
DA:46,0
DA:78,1
DA:103,0
DA:124,1
LF:33
LH:29
BRDA:22,0,0,2
BRDA:22,0,1,34
BRDA:24,1,0,29
BRDA:39,2,0,1
BRDA:39,3,0,1
BRDA:39,3,1,1
BRDA:59,4,0,2
BRDA:97,5,0,72
BRF:8
BRH:8
end_of_record
TN:
SF:src/pages/index.tsx
FN:25,(anonymous_0)
FN:5,(anonymous_2)
FNF:2
FNH:2
FNDA:1,(anonymous_0)
FNDA:1,(anonymous_2)
DA:1,1
DA:2,1
DA:3,1
DA:5,1
DA:25,1
LF:5
LH:5
BRF:0
BRH:0
end_of_record
TN:
SF:src/pages/login.tsx
FN:144,(anonymous_0)
FN:12,(anonymous_5)
FN:20,(anonymous_6)
FN:32,(anonymous_7)
FN:42,login
FN:91,(anonymous_9)
FNF:6
FNH:6
FNDA:1,(anonymous_0)
FNDA:2,(anonymous_5)
FNDA:45,(anonymous_6)
FNDA:45,(anonymous_7)
FNDA:1,login
FNDA:1,(anonymous_9)
DA:1,1
DA:2,1
DA:3,1
DA:4,1
DA:5,1
DA:6,1
DA:7,1
DA:8,1
DA:9,1
DA:10,1
DA:12,1
DA:13,2
DA:15,2
DA:20,2
DA:21,45
DA:22,45
DA:23,2
DA:24,43
DA:25,38
DA:28,0
DA:32,2
DA:33,45
DA:34,45
DA:35,14
DA:38,0
DA:43,1
DA:44,1
DA:45,1
DA:49,1
DA:50,1
DA:51,1
DA:53,1
DA:56,1
DA:57,1
DA:59,0
DA:60,0
DA:92,1
DA:144,1
LF:38
LH:34
BRDA:22,0,0,2
BRDA:22,0,1,43
BRDA:24,1,0,38
BRDA:34,2,0,14
BRDA:49,3,0,1
BRDA:51,4,0,1
BRDA:73,5,0,2
BRF:7
BRH:7
end_of_record
TN:
SF:src/providers/ThemeProvider.tsx
FN:3,(anonymous_0)
FN:9,(anonymous_5)
FN:19,(anonymous_6)
FNF:3
FNH:0
FNDA:0,(anonymous_0)
FNDA:0,(anonymous_5)
FNDA:0,(anonymous_6)
DA:1,0
DA:3,0
DA:8,0
DA:9,0
DA:10,0
DA:11,0
DA:12,0
DA:14,0
DA:15,0
DA:19,0
DA:20,0
LF:11
LH:0
BRDA:11,0,0,0
BRDA:11,0,1,0
BRF:2
BRH:0
end_of_record
TN:
SF:src/templates/Main.tsx
FN:52,(anonymous_0)
FNF:1
FNH:1
FNDA:12,(anonymous_0)
DA:1,6
DA:4,6
DA:52,12
LF:3
LH:3
BRF:0
BRH:0
end_of_record
TN:
SF:src/utils/AppConfig.ts
FN:3,(anonymous_0)
FNF:1
FNH:1
FNDA:31,(anonymous_0)
DA:3,31
LF:1
LH:1
BRF:0
BRH:0
end_of_record
TN:
SF:src/utils/logger.ts
FN:1,(anonymous_0)
FNF:1
FNH:0
FNDA:0,(anonymous_0)
DA:1,0
DA:2,0
LF:2
LH:0
BRF:0
BRH:0
end_of_record
TN:
SF:src/utils/product.ts
FN:1,(anonymous_0)
FN:1,(anonymous_1)
FNF:2
FNH:2
FNDA:10,(anonymous_0)
FNDA:10,(anonymous_1)
DA:1,10
DA:5,10
LF:2
LH:2
BRDA:9,0,0,6
BRDA:9,0,1,4
BRF:2
BRH:2
end_of_record
TN:
SF:src/utils/string.ts
FN:7,(anonymous_0)
FNF:1
FNH:1
FNDA:4,(anonymous_0)
DA:1,2
DA:6,2
DA:7,4
LF:3
LH:3
BRF:0
BRH:0
end_of_record
